<?xml version="1.0" encoding="UTF-8"?>
<!-- Generated by org.testng.reporters.JUnitReportReporter -->
<testsuite hostname="BLRIDC52002982" name="com.crm.TestCases.HalfEbayTest" tests="1" failures="0" timestamp="20 Nov 2019 15:52:07 GMT" time="0.000" errors="1">
  <testcase name="ebayUserDetails" time="0.000" classname="com.crm.TestCases.HalfEbayTest">
    <error type="java.lang.RuntimeException" message="java.lang.NoSuchMethodError: org.apache.poi.xssf.usermodel.XSSFCell.getCellType()I">
      <![CDATA[java.lang.RuntimeException: java.lang.NoSuchMethodError: org.apache.poi.xssf.usermodel.XSSFCell.getCellType()I
	at org.testng.internal.MethodInvocationHelper.invokeDataProvider(MethodInvocationHelper.java:163)
	at org.testng.internal.Parameters.handleParameters(Parameters.java:430)
	at org.testng.internal.Invoker.handleParameters(Invoker.java:1276)
	at org.testng.internal.Invoker.createParameters(Invoker.java:991)
	at org.testng.internal.Invoker.invokeTestMethods(Invoker.java:1081)
	at org.testng.internal.TestMethodWorker.invokeTestMethods(TestMethodWorker.java:129)
	at org.testng.internal.TestMethodWorker.run(TestMethodWorker.java:112)
	at org.testng.TestRunner.privateRun(TestRunner.java:782)
	at org.testng.TestRunner.run(TestRunner.java:632)
	at org.testng.SuiteRunner.runTest(SuiteRunner.java:366)
	at org.testng.SuiteRunner.runSequentially(SuiteRunner.java:361)
	at org.testng.SuiteRunner.privateRun(SuiteRunner.java:319)
	at org.testng.SuiteRunner.run(SuiteRunner.java:268)
	at org.testng.SuiteRunnerWorker.runSuite(SuiteRunnerWorker.java:52)
	at org.testng.SuiteRunnerWorker.run(SuiteRunnerWorker.java:86)
	at org.testng.TestNG.runSuitesSequentially(TestNG.java:1244)
	at org.testng.TestNG.runSuitesLocally(TestNG.java:1169)
	at org.testng.TestNG.run(TestNG.java:1064)
	at org.testng.remote.RemoteTestNG.run(RemoteTestNG.java:113)
	at org.testng.remote.RemoteTestNG.initAndRun(RemoteTestNG.java:206)
	at org.testng.remote.RemoteTestNG.main(RemoteTestNG.java:177)
Caused by: java.lang.NoSuchMethodError: org.apache.poi.xssf.usermodel.XSSFCell.getCellType()I
	at com.excel.utility.Xls_Reader.getCellData(Xls_Reader.java:94)
	at com.crm.TestUtils.TestUtil.getDataFromExcel(TestUtil.java:32)
	at com.crm.TestCases.HalfEbayTest.getTestData(HalfEbayTest.java:38)
	at sun.reflect.NativeMethodAccessorImpl.invoke0(Native Method)
	at sun.reflect.NativeMethodAccessorImpl.invoke(Unknown Source)
	at sun.reflect.DelegatingMethodAccessorImpl.invoke(Unknown Source)
	at java.lang.reflect.Method.invoke(Unknown Source)
	at org.testng.internal.MethodInvocationHelper.invokeMethod(MethodInvocationHelper.java:86)
	at org.testng.internal.MethodInvocationHelper.invokeDataProvider(MethodInvocationHelper.java:155)
	... 20 more
]]>
    </error>
  </testcase> <!-- ebayUserDetails -->
</testsuite> <!-- com.crm.TestCases.HalfEbayTest -->
